******************************
Namespace(cfg='config/resnet50.yaml', device='gpu:0', exp_id='reduce_baseline', label_smooth=False, label_weighted=False, nThreads=80, reduce_dataset=True, snapshot=1, ssp=False, sync=True, work_dir='./exp/reduce_baseline-resnet50.yaml/')
******************************
{'MODEL': {'TYPE': 'resnet50', 'PRETRAINED': '', 'TRY_LOAD': ''}, 'LOSS': {'TYPE': 'CrossEntropy'}, 'TRAIN': {'BATCH_SIZE': 400, 'BEGIN_EPOCH': 0, 'END_EPOCH': 40, 'OPTIMIZER': 'adam', 'LR': 0.001, 'LR_SCHEDULER': {'TYPE': 'cosineannealing', 'T_MAX': 100}}, 'FILE_NAME': 'resnet50.yaml'}
******************************
############# Starting Epoch 0 | LR: 0.001 #############
******************************
Namespace(cfg='config/resnet50.yaml', device='gpu:0', exp_id='reduce_baseline', label_smooth=False, label_weighted=False, nThreads=80, reduce_dataset=True, snapshot=1, ssp=False, sync=True, work_dir='./exp/reduce_baseline-resnet50.yaml/')
******************************
{'MODEL': {'TYPE': 'resnet50', 'PRETRAINED': '', 'TRY_LOAD': ''}, 'LOSS': {'TYPE': 'CrossEntropy'}, 'TRAIN': {'BATCH_SIZE': 400, 'BEGIN_EPOCH': 0, 'END_EPOCH': 40, 'OPTIMIZER': 'adam', 'LR': 0.001, 'LR_SCHEDULER': {'TYPE': 'cosineannealing', 'T_MAX': 100}}, 'FILE_NAME': 'resnet50.yaml'}
******************************
############# Starting Epoch 0 | LR: 0.001 #############
******************************
Namespace(cfg='config/resnet50.yaml', device='gpu:0', exp_id='reduce_baseline', label_smooth=False, label_weighted=False, nThreads=80, reduce_dataset=True, snapshot=1, ssp=False, sync=True, work_dir='./exp/reduce_baseline-resnet50.yaml/')
******************************
{'MODEL': {'TYPE': 'resnet50', 'PRETRAINED': '', 'TRY_LOAD': ''}, 'LOSS': {'TYPE': 'CrossEntropy'}, 'TRAIN': {'BATCH_SIZE': 400, 'BEGIN_EPOCH': 0, 'END_EPOCH': 40, 'OPTIMIZER': 'adam', 'LR': 0.001, 'LR_SCHEDULER': {'TYPE': 'cosineannealing', 'T_MAX': 100}}, 'FILE_NAME': 'resnet50.yaml'}
******************************
############# Starting Epoch 0 | LR: 0.001 #############
******************************
Namespace(cfg='config/resnet50.yaml', device='gpu:0', exp_id='reduce_baseline', label_smooth=False, label_weighted=False, nThreads=80, reduce_dataset=True, snapshot=1, ssp=False, sync=True, work_dir='./exp/reduce_baseline-resnet50.yaml/')
******************************
{'MODEL': {'TYPE': 'resnet50', 'PRETRAINED': '', 'TRY_LOAD': ''}, 'LOSS': {'TYPE': 'CrossEntropy'}, 'TRAIN': {'BATCH_SIZE': 400, 'BEGIN_EPOCH': 0, 'END_EPOCH': 40, 'OPTIMIZER': 'adam', 'LR': 0.001, 'LR_SCHEDULER': {'TYPE': 'cosineannealing', 'T_MAX': 100}}, 'FILE_NAME': 'resnet50.yaml'}
******************************
******************************
Namespace(cfg='config/resnet50.yaml', device='gpu:0', exp_id='reduce_baseline', label_smooth=False, label_weighted=False, nThreads=80, reduce_dataset=True, snapshot=1, ssp=False, sync=True, work_dir='./exp/reduce_baseline-resnet50.yaml/')
******************************
{'MODEL': {'TYPE': 'resnet50', 'PRETRAINED': '', 'TRY_LOAD': ''}, 'LOSS': {'TYPE': 'CrossEntropy'}, 'TRAIN': {'BATCH_SIZE': 400, 'BEGIN_EPOCH': 0, 'END_EPOCH': 40, 'OPTIMIZER': 'adam', 'LR': 0.001, 'LR_SCHEDULER': {'TYPE': 'cosineannealing', 'T_MAX': 100}}, 'FILE_NAME': 'resnet50.yaml'}
******************************
******************************
Namespace(cfg='config/resnet50.yaml', device='gpu:0', exp_id='reduce_baseline', label_smooth=False, label_weighted=False, nThreads=80, reduce_dataset=True, snapshot=1, ssp=False, sync=True, work_dir='./exp/reduce_baseline-resnet50.yaml/')
******************************
{'MODEL': {'TYPE': 'resnet50', 'PRETRAINED': '', 'TRY_LOAD': ''}, 'LOSS': {'TYPE': 'CrossEntropy'}, 'TRAIN': {'BATCH_SIZE': 400, 'BEGIN_EPOCH': 0, 'END_EPOCH': 40, 'OPTIMIZER': 'adam', 'LR': 0.001, 'LR_SCHEDULER': {'TYPE': 'cosineannealing', 'T_MAX': 100}}, 'FILE_NAME': 'resnet50.yaml'}
******************************
******************************
Namespace(cfg='config/resnet50.yaml', device='gpu:0', exp_id='reduce_baseline', label_smooth=False, label_weighted=False, nThreads=80, reduce_dataset=True, snapshot=1, ssp=False, sync=True, work_dir='./exp/reduce_baseline-resnet50.yaml/')
******************************
{'MODEL': {'TYPE': 'resnet50', 'PRETRAINED': '', 'TRY_LOAD': ''}, 'LOSS': {'TYPE': 'CrossEntropy'}, 'TRAIN': {'BATCH_SIZE': 400, 'BEGIN_EPOCH': 0, 'END_EPOCH': 40, 'OPTIMIZER': 'adam', 'LR': 0.001, 'LR_SCHEDULER': {'TYPE': 'cosineannealing', 'T_MAX': 100}}, 'FILE_NAME': 'resnet50.yaml'}
******************************
############# Starting Epoch 0 | LR: 0.001 #############
******************************
Namespace(cfg='config/resnet50.yaml', device='gpu:0', exp_id='reduce_baseline', label_smooth=False, label_weighted=False, nThreads=80, reduce_dataset=True, snapshot=1, ssp=False, sync=True, work_dir='./exp/reduce_baseline-resnet50.yaml/')
******************************
{'MODEL': {'TYPE': 'resnet50', 'PRETRAINED': '', 'TRY_LOAD': ''}, 'LOSS': {'TYPE': 'CrossEntropy'}, 'TRAIN': {'BATCH_SIZE': 200, 'BEGIN_EPOCH': 0, 'END_EPOCH': 40, 'OPTIMIZER': 'adam', 'LR': 0.001, 'LR_SCHEDULER': {'TYPE': 'cosineannealing', 'T_MAX': 100}}, 'FILE_NAME': 'resnet50.yaml'}
******************************
############# Starting Epoch 0 | LR: 0.001 #############
Train-0 epoch | loss:0.24699450 | acc:0.9289
##### Epoch 0 | test_acc: 0.9548 #####
############# Starting Epoch 1 | LR: 0.0009997532801828658 #############
Train-1 epoch | loss:0.04851038 | acc:0.9848
##### Epoch 1 | test_acc: 0.9127 #####
############# Starting Epoch 2 | LR: 0.0009990133642141358 #############
Train-2 epoch | loss:0.03024196 | acc:0.9906
******************************
Namespace(cfg='config/resnet50.yaml', device='gpu:0', exp_id='reduce_baseline', label_smooth=False, label_weighted=False, nThreads=80, reduce_dataset=True, snapshot=1, ssp=False, sync=True, work_dir='./exp/reduce_baseline-resnet50.yaml/')
******************************
{'MODEL': {'TYPE': 'resnet50', 'PRETRAINED': '', 'TRY_LOAD': ''}, 'LOSS': {'TYPE': 'CrossEntropy'}, 'TRAIN': {'BATCH_SIZE': 200, 'BEGIN_EPOCH': 0, 'END_EPOCH': 40, 'OPTIMIZER': 'adam', 'LR': 0.001, 'LR_SCHEDULER': {'TYPE': 'cosineannealing', 'T_MAX': 100}}, 'FILE_NAME': 'resnet50.yaml'}
******************************
############# Starting Epoch 0 | LR: 0.001 #############
******************************
Namespace(cfg='config/resnet50.yaml', device='gpu:0', exp_id='reduce_baseline', label_smooth=False, label_weighted=False, nThreads=80, reduce_dataset=True, snapshot=1, ssp=False, sync=True, work_dir='./exp/reduce_baseline-resnet50.yaml/')
******************************
{'MODEL': {'TYPE': 'resnet50', 'PRETRAINED': '', 'TRY_LOAD': ''}, 'LOSS': {'TYPE': 'CrossEntropy'}, 'TRAIN': {'BATCH_SIZE': 200, 'BEGIN_EPOCH': 0, 'END_EPOCH': 40, 'OPTIMIZER': 'adam', 'LR': 0.001, 'LR_SCHEDULER': {'TYPE': 'cosineannealing', 'T_MAX': 100}}, 'FILE_NAME': 'resnet50.yaml'}
******************************
############# Starting Epoch 0 | LR: 0.001 #############
Train-0 epoch | loss:0.22439075 | acc:0.9351
##### Epoch 0 | test_acc: 0.9418 #####
############# Starting Epoch 1 | LR: 0.0009997532801828658 #############
Train-1 epoch | loss:0.05533716 | acc:0.9839
##### Epoch 1 | test_acc: 0.9733 #####
############# Starting Epoch 2 | LR: 0.0009990133642141358 #############
Train-2 epoch | loss:0.03419912 | acc:0.9890
##### Epoch 2 | test_acc: 0.916 #####
############# Starting Epoch 3 | LR: 0.00099778098230154 #############
Train-3 epoch | loss:0.03055773 | acc:0.9911
##### Epoch 3 | test_acc: 0.9539 #####
############# Starting Epoch 4 | LR: 0.000996057350657239 #############
Train-4 epoch | loss:0.02375249 | acc:0.9926
##### Epoch 4 | test_acc: 0.9693 #####
############# Starting Epoch 5 | LR: 0.0009938441702975688 #############
Train-5 epoch | loss:0.01989345 | acc:0.9932
##### Epoch 5 | test_acc: 0.9752 #####
############# Starting Epoch 6 | LR: 0.0009911436253643444 #############
Train-6 epoch | loss:0.02139308 | acc:0.9933
##### Epoch 6 | test_acc: 0.984 #####
############# Starting Epoch 7 | LR: 0.0009879583809693736 #############
Train-7 epoch | loss:0.01782349 | acc:0.9944
##### Epoch 7 | test_acc: 0.9514 #####
############# Starting Epoch 8 | LR: 0.0009842915805643154 #############
Train-8 epoch | loss:0.02130182 | acc:0.9935
##### Epoch 8 | test_acc: 0.9735 #####
############# Starting Epoch 9 | LR: 0.0009801468428384714 #############
Train-9 epoch | loss:0.00974946 | acc:0.9970
##### Epoch 9 | test_acc: 0.981 #####
############# Starting Epoch 10 | LR: 0.0009755282581475767 #############
Train-10 epoch | loss:0.01029541 | acc:0.9963
##### Epoch 10 | test_acc: 0.9842 #####
############# Starting Epoch 11 | LR: 0.0009704403844771127 #############
Train-11 epoch | loss:0.02516508 | acc:0.9926
##### Epoch 11 | test_acc: 0.9844 #####
############# Starting Epoch 12 | LR: 0.0009648882429441257 #############
Train-12 epoch | loss:0.01318021 | acc:0.9960
##### Epoch 12 | test_acc: 0.9834 #####
############# Starting Epoch 13 | LR: 0.0009588773128419905 #############
Train-13 epoch | loss:0.01185622 | acc:0.9964
##### Epoch 13 | test_acc: 0.9857 #####
############# Starting Epoch 14 | LR: 0.0009524135262330098 #############
Train-14 epoch | loss:0.01432096 | acc:0.9959
##### Epoch 14 | test_acc: 0.9801 #####
############# Starting Epoch 15 | LR: 0.0009455032620941839 #############
Train-15 epoch | loss:0.00581444 | acc:0.9979
##### Epoch 15 | test_acc: 0.9832 #####
############# Starting Epoch 16 | LR: 0.0009381533400219318 #############
Train-16 epoch | loss:0.00365282 | acc:0.9987
##### Epoch 16 | test_acc: 0.983 #####
############# Starting Epoch 17 | LR: 0.0009303710135019719 #############
Train-17 epoch | loss:0.00725430 | acc:0.9974
##### Epoch 17 | test_acc: 0.9814 #####
############# Starting Epoch 18 | LR: 0.0009221639627510076 #############
Train-18 epoch | loss:0.00972394 | acc:0.9969
##### Epoch 18 | test_acc: 0.9736 #####
############# Starting Epoch 19 | LR: 0.000913540287137281 #############
Train-19 epoch | loss:0.01368350 | acc:0.9959
##### Epoch 19 | test_acc: 0.9806 #####
############# Starting Epoch 20 | LR: 0.0009045084971874739 #############
Train-20 epoch | loss:0.01498835 | acc:0.9958
##### Epoch 20 | test_acc: 0.9755 #####
############# Starting Epoch 21 | LR: 0.0008950775061878452 #############
Train-21 epoch | loss:0.01284068 | acc:0.9959
##### Epoch 21 | test_acc: 0.9715 #####
############# Starting Epoch 22 | LR: 0.0008852566213878947 #############
Train-22 epoch | loss:0.00626365 | acc:0.9982
##### Epoch 22 | test_acc: 0.9836 #####
############# Starting Epoch 23 | LR: 0.0008750555348152298 #############
Train-23 epoch | loss:0.00658372 | acc:0.9979
##### Epoch 23 | test_acc: 0.9862 #####
############# Starting Epoch 24 | LR: 0.0008644843137107057 #############
Train-24 epoch | loss:0.00574519 | acc:0.9981
##### Epoch 24 | test_acc: 0.9814 #####
############# Starting Epoch 25 | LR: 0.0008535533905932737 #############
Train-25 epoch | loss:0.00237922 | acc:0.9992
##### Epoch 25 | test_acc: 0.9837 #####
############# Starting Epoch 26 | LR: 0.0008422735529643444 #############
Train-26 epoch | loss:0.00885694 | acc:0.9973
##### Epoch 26 | test_acc: 0.9847 #####
############# Starting Epoch 27 | LR: 0.0008306559326618259 #############
Train-27 epoch | loss:0.00547442 | acc:0.9985
##### Epoch 27 | test_acc: 0.9854 #####
############# Starting Epoch 28 | LR: 0.0008187119948743449 #############
Train-28 epoch | loss:0.00271492 | acc:0.9992
##### Epoch 28 | test_acc: 0.988 #####
############# Starting Epoch 29 | LR: 0.0008064535268264883 #############
Train-29 epoch | loss:0.00063813 | acc:0.9998
##### Epoch 29 | test_acc: 0.9834 #####
############# Starting Epoch 30 | LR: 0.0007938926261462367 #############
Train-30 epoch | loss:0.00025577 | acc:0.9999
##### Epoch 30 | test_acc: 0.9882 #####
############# Starting Epoch 31 | LR: 0.0007810416889260654 #############
Train-31 epoch | loss:0.00004266 | acc:1.0000
##### Epoch 31 | test_acc: 0.9893 #####
############# Starting Epoch 32 | LR: 0.0007679133974894983 #############
Train-32 epoch | loss:0.00001140 | acc:1.0000
##### Epoch 32 | test_acc: 0.9892 #####
############# Starting Epoch 33 | LR: 0.0007545207078751857 #############
Train-33 epoch | loss:0.00000796 | acc:1.0000
##### Epoch 33 | test_acc: 0.9892 #####
############# Starting Epoch 34 | LR: 0.0007408768370508577 #############
Train-34 epoch | loss:0.00000822 | acc:1.0000
##### Epoch 34 | test_acc: 0.9891 #####
############# Starting Epoch 35 | LR: 0.0007269952498697734 #############
Train-35 epoch | loss:0.00000601 | acc:1.0000
##### Epoch 35 | test_acc: 0.9893 #####
############# Starting Epoch 36 | LR: 0.0007128896457825364 #############
Train-36 epoch | loss:0.00000524 | acc:1.0000
##### Epoch 36 | test_acc: 0.9894 #####
############# Starting Epoch 37 | LR: 0.0006985739453173903 #############
Train-37 epoch | loss:0.00000535 | acc:1.0000
##### Epoch 37 | test_acc: 0.9894 #####
############# Starting Epoch 38 | LR: 0.0006840622763423391 #############
Train-38 epoch | loss:0.00000451 | acc:1.0000
##### Epoch 38 | test_acc: 0.9894 #####
############# Starting Epoch 39 | LR: 0.0006693689601226458 #############
Train-39 epoch | loss:0.00000439 | acc:1.0000
##### Epoch 39 | test_acc: 0.9895 #####
